<?xml version="1.0" encoding="UTF-8"?>
<TestRun id="139e0d5c-b72b-49f0-888e-e59e1e32b31a" name="chris@CHRISLAPTOP 2012-06-18 22:30:36" runUser="chrislaptop\chris" xmlns="http://microsoft.com/schemas/VisualStudio/TeamTest/2010">
  <TestSettings name="Local" id="87b3b41a-f5ee-4a39-9ba7-a2667af6a788">
    <Description>These are default test settings for a local test run.</Description>
    <Deployment runDeploymentRoot="chris_CHRISLAPTOP 2012-06-18 22_30_36">
      <DeploymentItem filename="C:\Users\chris\mmbot\3dtools\3DTools-1.01-bin\3DTools.dll" />
      <DeploymentItem filename="C:\Users\chris\mmbot\convexcad\convexcad\bin\Debug\convexcad.exe" />
    </Deployment>
    <Execution>
      <TestTypeSpecific>
        <UnitTestRunConfig testTypeId="13cdc9d9-ddb5-4fa4-a97d-d965ccfc6d4b">
          <AssemblyResolution>
            <TestDirectory useLoadContext="true" />
          </AssemblyResolution>
        </UnitTestRunConfig>
      </TestTypeSpecific>
      <AgentRule name="Execution Agents">
      </AgentRule>
    </Execution>
  </TestSettings>
  <Times creation="2012-06-18T22:30:36.3367134+01:00" queuing="2012-06-18T22:30:36.5797273+01:00" start="2012-06-18T22:30:36.6017286+01:00" finish="2012-06-18T22:30:37.7207926+01:00" />
  <ResultSummary outcome="Completed">
    <Counters total="1" executed="1" passed="1" error="0" failed="0" timeout="0" aborted="0" inconclusive="0" passedButRunAborted="0" notRunnable="0" notExecuted="0" disconnected="0" warning="0" completed="0" inProgress="0" pending="0" />
  </ResultSummary>
  <TestDefinitions>
    <UnitTest name="UnionTest_RectRectContainedA" storage="c:\users\chris\mmbot\convexcad\tests\bin\debug\tests.dll" id="d1d4aaff-d94e-d726-a75b-7373cc5953bc">
      <Execution id="fff655e5-5726-47cd-bf3b-ee8b9f5bd718" />
      <TestMethod codeBase="C:/Users/chris/mmbot/convexcad/tests/bin/Debug/tests.DLL" adapterTypeName="Microsoft.VisualStudio.TestTools.TestTypes.Unit.UnitTestAdapter, Microsoft.VisualStudio.QualityTools.Tips.UnitTest.Adapter, Version=10.0.0.0, Culture=neutral, PublicKeyToken=b03f5f7f11d50a3a" className="tests.CSGSceneTest, tests, Version=1.0.0.0, Culture=neutral, PublicKeyToken=null" name="UnionTest_RectRectContainedA" />
    </UnitTest>
  </TestDefinitions>
  <TestLists>
    <TestList name="Results Not in a List" id="8c84fa94-04c1-424b-9868-57a2d4851a1d" />
    <TestList name="All Loaded Results" id="19431567-8539-422a-85d7-44ee4e166bda" />
  </TestLists>
  <TestEntries>
    <TestEntry testId="d1d4aaff-d94e-d726-a75b-7373cc5953bc" executionId="fff655e5-5726-47cd-bf3b-ee8b9f5bd718" testListId="8c84fa94-04c1-424b-9868-57a2d4851a1d" />
  </TestEntries>
  <Results>
    <UnitTestResult executionId="fff655e5-5726-47cd-bf3b-ee8b9f5bd718" testId="d1d4aaff-d94e-d726-a75b-7373cc5953bc" testName="UnionTest_RectRectContainedA" computerName="CHRISLAPTOP" duration="00:00:00.6664010" startTime="2012-06-18T22:30:36.6177295+01:00" endTime="2012-06-18T22:30:37.6927910+01:00" testType="13cdc9d9-ddb5-4fa4-a97d-d965ccfc6d4b" outcome="Passed" testListId="8c84fa94-04c1-424b-9868-57a2d4851a1d" relativeResultsDirectory="fff655e5-5726-47cd-bf3b-ee8b9f5bd718">
    </UnitTestResult>
  </Results>
</TestRun>