<?xml version="1.0" encoding="UTF-8"?>
<TestRun id="207cea79-5aa6-4d4a-a691-4673b2604385" name="chris@CHRISLAPTOP 2012-06-18 23:33:56" runUser="chrislaptop\chris" xmlns="http://microsoft.com/schemas/VisualStudio/TeamTest/2010">
  <TestSettings name="Local" id="87b3b41a-f5ee-4a39-9ba7-a2667af6a788">
    <Description>These are default test settings for a local test run.</Description>
    <Deployment runDeploymentRoot="chris_CHRISLAPTOP 2012-06-18 23_33_56">
      <DeploymentItem filename="C:\Users\chris\mmbot\3dtools\3DTools-1.01-bin\3DTools.dll" />
      <DeploymentItem filename="C:\Users\chris\mmbot\convexcad\convexcad\bin\Debug\convexcad.exe" />
    </Deployment>
    <Execution>
      <TestTypeSpecific>
        <UnitTestRunConfig testTypeId="13cdc9d9-ddb5-4fa4-a97d-d965ccfc6d4b">
          <AssemblyResolution>
            <TestDirectory useLoadContext="true" />
          </AssemblyResolution>
        </UnitTestRunConfig>
      </TestTypeSpecific>
      <AgentRule name="Execution Agents">
      </AgentRule>
    </Execution>
  </TestSettings>
  <Times creation="2012-06-18T23:33:56.4500674+01:00" queuing="2012-06-18T23:34:00.6953103+01:00" start="2012-06-18T23:34:00.8443188+01:00" finish="2012-06-18T23:34:04.0705033+01:00" />
  <ResultSummary outcome="Error">
    <Counters total="1" executed="1" error="0" failed="0" timeout="0" aborted="1" inconclusive="0" passedButRunAborted="0" notRunnable="0" notExecuted="0" disconnected="0" warning="0" passed="0" completed="0" inProgress="0" pending="0" />
    <RunInfos>
      <RunInfo computerName="CHRISLAPTOP" outcome="Error" timestamp="2012-06-18T23:34:04.0685032+01:00">
        <Text>Test host process exited unexpectedly.</Text>
      </RunInfo>
    </RunInfos>
  </ResultSummary>
  <TestDefinitions>
    <UnitTest name="RectangleRotateMany" storage="c:\users\chris\mmbot\convexcad\tests\bin\debug\tests.dll" id="d1ccc269-a7af-1d32-5f92-ddf45c727333">
      <Execution id="95238000-be8e-4b31-8a9e-fb8feb3e825b" />
      <TestMethod codeBase="C:/Users/chris/mmbot/convexcad/tests/bin/Debug/tests.DLL" adapterTypeName="Microsoft.VisualStudio.TestTools.TestTypes.Unit.UnitTestAdapter, Microsoft.VisualStudio.QualityTools.Tips.UnitTest.Adapter, Version=10.0.0.0, Culture=neutral, PublicKeyToken=b03f5f7f11d50a3a" className="tests.CSGSceneTest, tests, Version=1.0.0.0, Culture=neutral, PublicKeyToken=null" name="RectangleRotateMany" />
    </UnitTest>
  </TestDefinitions>
  <TestLists>
    <TestList name="Results Not in a List" id="8c84fa94-04c1-424b-9868-57a2d4851a1d" />
    <TestList name="All Loaded Results" id="19431567-8539-422a-85d7-44ee4e166bda" />
  </TestLists>
  <TestEntries>
    <TestEntry testId="d1ccc269-a7af-1d32-5f92-ddf45c727333" executionId="95238000-be8e-4b31-8a9e-fb8feb3e825b" testListId="8c84fa94-04c1-424b-9868-57a2d4851a1d" />
  </TestEntries>
  <Results>
    <UnitTestResult executionId="95238000-be8e-4b31-8a9e-fb8feb3e825b" testId="d1ccc269-a7af-1d32-5f92-ddf45c727333" testName="RectangleRotateMany" computerName="CHRISLAPTOP" duration="00:00:03.0371737" startTime="2012-06-18T23:34:01.0333296+01:00" endTime="2012-06-18T23:34:04.0705033+01:00" testType="13cdc9d9-ddb5-4fa4-a97d-d965ccfc6d4b" outcome="Aborted" testListId="8c84fa94-04c1-424b-9868-57a2d4851a1d" relativeResultsDirectory="95238000-be8e-4b31-8a9e-fb8feb3e825b">
    </UnitTestResult>
  </Results>
</TestRun>