<?xml version="1.0" encoding="UTF-8"?>
<TestRun id="fff6cd69-6746-4253-ada3-593da47206e0" name="chris@CHRISLAPTOP 2012-06-18 23:02:45" runUser="chrislaptop\chris" xmlns="http://microsoft.com/schemas/VisualStudio/TeamTest/2010">
  <TestSettings name="Local" id="87b3b41a-f5ee-4a39-9ba7-a2667af6a788">
    <Description>These are default test settings for a local test run.</Description>
    <Deployment userDeploymentRoot="C:\Users\chris\mmbot\convexcad\TestResults" useDefaultDeploymentRoot="false" runDeploymentRoot="chris_CHRISLAPTOP 2012-06-18 23_02_45">
      <DeploymentItem filename="C:\Users\chris\mmbot\3dtools\3DTools-1.01-bin\3DTools.dll" />
      <DeploymentItem filename="C:\Users\chris\mmbot\convexcad\convexcad\bin\Debug\convexcad.exe" />
    </Deployment>
    <Execution>
      <TestTypeSpecific>
        <UnitTestRunConfig testTypeId="13cdc9d9-ddb5-4fa4-a97d-d965ccfc6d4b">
          <AssemblyResolution>
            <TestDirectory useLoadContext="true" />
          </AssemblyResolution>
        </UnitTestRunConfig>
      </TestTypeSpecific>
      <AgentRule name="Execution Agents">
      </AgentRule>
    </Execution>
  </TestSettings>
  <Times creation="2012-06-18T23:02:45.4380517+01:00" queuing="2012-06-18T23:02:45.6900661+01:00" start="2012-06-18T23:02:45.7030668+01:00" finish="2012-06-18T23:02:46.5501153+01:00" />
  <ResultSummary outcome="Completed">
    <Counters total="1" executed="1" passed="1" error="0" failed="0" timeout="0" aborted="0" inconclusive="0" passedButRunAborted="0" notRunnable="0" notExecuted="0" disconnected="0" warning="0" completed="0" inProgress="0" pending="0" />
  </ResultSummary>
  <TestDefinitions>
    <UnitTest name="UnionTest_MultiRectTranslatedOverlapping" storage="c:\users\chris\mmbot\convexcad\tests\bin\debug\tests.dll" id="c8b56a06-7a82-af9e-d8a8-48ae1cf6d885">
      <Execution id="58976330-b037-4582-ad4a-deea88cb2eee" />
      <TestMethod codeBase="C:/Users/chris/mmbot/convexcad/tests/bin/Debug/tests.DLL" adapterTypeName="Microsoft.VisualStudio.TestTools.TestTypes.Unit.UnitTestAdapter, Microsoft.VisualStudio.QualityTools.Tips.UnitTest.Adapter, Version=10.0.0.0, Culture=neutral, PublicKeyToken=b03f5f7f11d50a3a" className="tests.CSGSceneTest, tests, Version=1.0.0.0, Culture=neutral, PublicKeyToken=null" name="UnionTest_MultiRectTranslatedOverlapping" />
    </UnitTest>
  </TestDefinitions>
  <TestLists>
    <TestList name="Results Not in a List" id="8c84fa94-04c1-424b-9868-57a2d4851a1d" />
    <TestList name="All Loaded Results" id="19431567-8539-422a-85d7-44ee4e166bda" />
  </TestLists>
  <TestEntries>
    <TestEntry testId="c8b56a06-7a82-af9e-d8a8-48ae1cf6d885" executionId="58976330-b037-4582-ad4a-deea88cb2eee" testListId="8c84fa94-04c1-424b-9868-57a2d4851a1d" />
  </TestEntries>
  <Results>
    <UnitTestResult executionId="58976330-b037-4582-ad4a-deea88cb2eee" testId="c8b56a06-7a82-af9e-d8a8-48ae1cf6d885" testName="UnionTest_MultiRectTranslatedOverlapping" computerName="CHRISLAPTOP" duration="00:00:00.4278529" startTime="2012-06-18T23:02:45.7360687+01:00" endTime="2012-06-18T23:02:46.5291141+01:00" testType="13cdc9d9-ddb5-4fa4-a97d-d965ccfc6d4b" outcome="Passed" testListId="8c84fa94-04c1-424b-9868-57a2d4851a1d" relativeResultsDirectory="58976330-b037-4582-ad4a-deea88cb2eee">
    </UnitTestResult>
  </Results>
</TestRun>