<?xml version="1.0" encoding="UTF-8"?>
<TestRun id="d25271f7-63db-4ea1-99f6-87e4dbd54df9" name="chris@CHRISLAPTOP 2012-06-18 22:32:36" runUser="chrislaptop\chris" xmlns="http://microsoft.com/schemas/VisualStudio/TeamTest/2010">
  <TestSettings name="Local" id="87b3b41a-f5ee-4a39-9ba7-a2667af6a788">
    <Description>These are default test settings for a local test run.</Description>
    <Deployment runDeploymentRoot="chris_CHRISLAPTOP 2012-06-18 22_32_36">
      <DeploymentItem filename="C:\Users\chris\mmbot\3dtools\3DTools-1.01-bin\3DTools.dll" />
      <DeploymentItem filename="C:\Users\chris\mmbot\convexcad\convexcad\bin\Debug\convexcad.exe" />
    </Deployment>
    <Execution>
      <TestTypeSpecific>
        <UnitTestRunConfig testTypeId="13cdc9d9-ddb5-4fa4-a97d-d965ccfc6d4b">
          <AssemblyResolution>
            <TestDirectory useLoadContext="true" />
          </AssemblyResolution>
        </UnitTestRunConfig>
      </TestTypeSpecific>
      <AgentRule name="Execution Agents">
      </AgentRule>
    </Execution>
  </TestSettings>
  <Times creation="2012-06-18T22:32:36.7235991+01:00" queuing="2012-06-18T22:32:37.0386171+01:00" start="2012-06-18T22:32:37.0686189+01:00" finish="2012-06-18T22:32:43.0459607+01:00" />
  <ResultSummary outcome="Failed">
    <Counters total="10" executed="10" error="0" failed="10" timeout="0" aborted="0" inconclusive="0" passedButRunAborted="0" notRunnable="0" notExecuted="0" disconnected="0" warning="0" passed="0" completed="0" inProgress="0" pending="0" />
  </ResultSummary>
  <TestDefinitions>
    <UnitTest name="RectangleTranslated" storage="c:\users\chris\mmbot\convexcad\tests\bin\debug\tests.dll" id="c9b82b42-3356-cf6d-93eb-b5b5d43e4723">
      <Execution id="ac7409f3-73a0-4546-bb0d-8bfa1cece8cf" />
      <TestMethod codeBase="C:/Users/chris/mmbot/convexcad/tests/bin/Debug/tests.DLL" adapterTypeName="Microsoft.VisualStudio.TestTools.TestTypes.Unit.UnitTestAdapter, Microsoft.VisualStudio.QualityTools.Tips.UnitTest.Adapter, Version=10.0.0.0, Culture=neutral, PublicKeyToken=b03f5f7f11d50a3a" className="tests.CSGSceneTest, tests, Version=1.0.0.0, Culture=neutral, PublicKeyToken=null" name="RectangleTranslated" />
    </UnitTest>
    <UnitTest name="RectangleTest3" storage="c:\users\chris\mmbot\convexcad\tests\bin\debug\tests.dll" id="ab49f718-abdd-4482-8af9-1999e6272b9b">
      <Execution id="1c4214fa-3fe5-4f55-9211-4898e96f683d" />
      <TestMethod codeBase="C:/Users/chris/mmbot/convexcad/tests/bin/Debug/tests.DLL" adapterTypeName="Microsoft.VisualStudio.TestTools.TestTypes.Unit.UnitTestAdapter, Microsoft.VisualStudio.QualityTools.Tips.UnitTest.Adapter, Version=10.0.0.0, Culture=neutral, PublicKeyToken=b03f5f7f11d50a3a" className="tests.CSGSceneTest, tests, Version=1.0.0.0, Culture=neutral, PublicKeyToken=null" name="RectangleTest3" />
    </UnitTest>
    <UnitTest name="RectangleTest2" storage="c:\users\chris\mmbot\convexcad\tests\bin\debug\tests.dll" id="4e932900-7c1e-7db1-e4d5-e7e2247250ce">
      <Execution id="27d0cf9d-3fc3-4983-a84f-54487f30ba12" />
      <TestMethod codeBase="C:/Users/chris/mmbot/convexcad/tests/bin/Debug/tests.DLL" adapterTypeName="Microsoft.VisualStudio.TestTools.TestTypes.Unit.UnitTestAdapter, Microsoft.VisualStudio.QualityTools.Tips.UnitTest.Adapter, Version=10.0.0.0, Culture=neutral, PublicKeyToken=b03f5f7f11d50a3a" className="tests.CSGSceneTest, tests, Version=1.0.0.0, Culture=neutral, PublicKeyToken=null" name="RectangleTest2" />
    </UnitTest>
    <UnitTest name="UnionTest_RectRectContainedA" storage="c:\users\chris\mmbot\convexcad\tests\bin\debug\tests.dll" id="d1d4aaff-d94e-d726-a75b-7373cc5953bc">
      <Execution id="25df3361-29fe-4cf1-9736-b8a64a9971f0" />
      <TestMethod codeBase="C:/Users/chris/mmbot/convexcad/tests/bin/Debug/tests.DLL" adapterTypeName="Microsoft.VisualStudio.TestTools.TestTypes.Unit.UnitTestAdapter, Microsoft.VisualStudio.QualityTools.Tips.UnitTest.Adapter, Version=10.0.0.0, Culture=neutral, PublicKeyToken=b03f5f7f11d50a3a" className="tests.CSGSceneTest, tests, Version=1.0.0.0, Culture=neutral, PublicKeyToken=null" name="UnionTest_RectRectContainedA" />
    </UnitTest>
    <UnitTest name="RectangleTranslated3" storage="c:\users\chris\mmbot\convexcad\tests\bin\debug\tests.dll" id="8f7c7f4a-018f-2d86-deb7-eb725a8508a3">
      <Execution id="1c0abf23-6cec-4a25-b3e4-073151c20cac" />
      <TestMethod codeBase="C:/Users/chris/mmbot/convexcad/tests/bin/Debug/tests.DLL" adapterTypeName="Microsoft.VisualStudio.TestTools.TestTypes.Unit.UnitTestAdapter, Microsoft.VisualStudio.QualityTools.Tips.UnitTest.Adapter, Version=10.0.0.0, Culture=neutral, PublicKeyToken=b03f5f7f11d50a3a" className="tests.CSGSceneTest, tests, Version=1.0.0.0, Culture=neutral, PublicKeyToken=null" name="RectangleTranslated3" />
    </UnitTest>
    <UnitTest name="RectangleTest" storage="c:\users\chris\mmbot\convexcad\tests\bin\debug\tests.dll" id="fb71f77b-d140-c2ed-ce91-44bcea9f3a84">
      <Execution id="268bdf39-bacd-454f-8658-65fd67c12712" />
      <TestMethod codeBase="C:/Users/chris/mmbot/convexcad/tests/bin/Debug/tests.DLL" adapterTypeName="Microsoft.VisualStudio.TestTools.TestTypes.Unit.UnitTestAdapter, Microsoft.VisualStudio.QualityTools.Tips.UnitTest.Adapter, Version=10.0.0.0, Culture=neutral, PublicKeyToken=b03f5f7f11d50a3a" className="tests.CSGSceneTest, tests, Version=1.0.0.0, Culture=neutral, PublicKeyToken=null" name="RectangleTest" />
    </UnitTest>
    <UnitTest name="UnionTest_RectRectNotOverlapping" storage="c:\users\chris\mmbot\convexcad\tests\bin\debug\tests.dll" id="6d38c98f-31ee-c300-807d-f3f6bcd779b4">
      <Execution id="e2f787db-62de-48bf-84b8-392776d0a3a3" />
      <TestMethod codeBase="C:/Users/chris/mmbot/convexcad/tests/bin/Debug/tests.DLL" adapterTypeName="Microsoft.VisualStudio.TestTools.TestTypes.Unit.UnitTestAdapter, Microsoft.VisualStudio.QualityTools.Tips.UnitTest.Adapter, Version=10.0.0.0, Culture=neutral, PublicKeyToken=b03f5f7f11d50a3a" className="tests.CSGSceneTest, tests, Version=1.0.0.0, Culture=neutral, PublicKeyToken=null" name="UnionTest_RectRectNotOverlapping" />
    </UnitTest>
    <UnitTest name="RectangleTranslated2" storage="c:\users\chris\mmbot\convexcad\tests\bin\debug\tests.dll" id="bc1f91b1-352d-acef-b639-68c3cdeafb4d">
      <Execution id="6656cbdd-ec4b-4fe9-ba53-3fa3641da357" />
      <TestMethod codeBase="C:/Users/chris/mmbot/convexcad/tests/bin/Debug/tests.DLL" adapterTypeName="Microsoft.VisualStudio.TestTools.TestTypes.Unit.UnitTestAdapter, Microsoft.VisualStudio.QualityTools.Tips.UnitTest.Adapter, Version=10.0.0.0, Culture=neutral, PublicKeyToken=b03f5f7f11d50a3a" className="tests.CSGSceneTest, tests, Version=1.0.0.0, Culture=neutral, PublicKeyToken=null" name="RectangleTranslated2" />
    </UnitTest>
    <UnitTest name="UnionTest_RectRectTouching" storage="c:\users\chris\mmbot\convexcad\tests\bin\debug\tests.dll" id="5c6dd9a9-ff18-f9c7-82e6-034450b93cdc">
      <Execution id="f8dc6a1d-a785-48f8-ae78-28208a6df389" />
      <TestMethod codeBase="C:/Users/chris/mmbot/convexcad/tests/bin/Debug/tests.DLL" adapterTypeName="Microsoft.VisualStudio.TestTools.TestTypes.Unit.UnitTestAdapter, Microsoft.VisualStudio.QualityTools.Tips.UnitTest.Adapter, Version=10.0.0.0, Culture=neutral, PublicKeyToken=b03f5f7f11d50a3a" className="tests.CSGSceneTest, tests, Version=1.0.0.0, Culture=neutral, PublicKeyToken=null" name="UnionTest_RectRectTouching" />
    </UnitTest>
    <UnitTest name="UnionTest_RectRectOverlapping" storage="c:\users\chris\mmbot\convexcad\tests\bin\debug\tests.dll" id="f2826647-274f-6e71-9f88-8c2285fe2fbb">
      <Execution id="e096d118-cd51-4eed-95c5-993d939bfd3f" />
      <TestMethod codeBase="C:/Users/chris/mmbot/convexcad/tests/bin/Debug/tests.DLL" adapterTypeName="Microsoft.VisualStudio.TestTools.TestTypes.Unit.UnitTestAdapter, Microsoft.VisualStudio.QualityTools.Tips.UnitTest.Adapter, Version=10.0.0.0, Culture=neutral, PublicKeyToken=b03f5f7f11d50a3a" className="tests.CSGSceneTest, tests, Version=1.0.0.0, Culture=neutral, PublicKeyToken=null" name="UnionTest_RectRectOverlapping" />
    </UnitTest>
  </TestDefinitions>
  <TestLists>
    <TestList name="Results Not in a List" id="8c84fa94-04c1-424b-9868-57a2d4851a1d" />
    <TestList name="All Loaded Results" id="19431567-8539-422a-85d7-44ee4e166bda" />
  </TestLists>
  <TestEntries>
    <TestEntry testId="4e932900-7c1e-7db1-e4d5-e7e2247250ce" executionId="27d0cf9d-3fc3-4983-a84f-54487f30ba12" testListId="8c84fa94-04c1-424b-9868-57a2d4851a1d" />
    <TestEntry testId="5c6dd9a9-ff18-f9c7-82e6-034450b93cdc" executionId="f8dc6a1d-a785-48f8-ae78-28208a6df389" testListId="8c84fa94-04c1-424b-9868-57a2d4851a1d" />
    <TestEntry testId="6d38c98f-31ee-c300-807d-f3f6bcd779b4" executionId="e2f787db-62de-48bf-84b8-392776d0a3a3" testListId="8c84fa94-04c1-424b-9868-57a2d4851a1d" />
    <TestEntry testId="8f7c7f4a-018f-2d86-deb7-eb725a8508a3" executionId="1c0abf23-6cec-4a25-b3e4-073151c20cac" testListId="8c84fa94-04c1-424b-9868-57a2d4851a1d" />
    <TestEntry testId="ab49f718-abdd-4482-8af9-1999e6272b9b" executionId="1c4214fa-3fe5-4f55-9211-4898e96f683d" testListId="8c84fa94-04c1-424b-9868-57a2d4851a1d" />
    <TestEntry testId="bc1f91b1-352d-acef-b639-68c3cdeafb4d" executionId="6656cbdd-ec4b-4fe9-ba53-3fa3641da357" testListId="8c84fa94-04c1-424b-9868-57a2d4851a1d" />
    <TestEntry testId="c9b82b42-3356-cf6d-93eb-b5b5d43e4723" executionId="ac7409f3-73a0-4546-bb0d-8bfa1cece8cf" testListId="8c84fa94-04c1-424b-9868-57a2d4851a1d" />
    <TestEntry testId="d1d4aaff-d94e-d726-a75b-7373cc5953bc" executionId="25df3361-29fe-4cf1-9736-b8a64a9971f0" testListId="8c84fa94-04c1-424b-9868-57a2d4851a1d" />
    <TestEntry testId="f2826647-274f-6e71-9f88-8c2285fe2fbb" executionId="e096d118-cd51-4eed-95c5-993d939bfd3f" testListId="8c84fa94-04c1-424b-9868-57a2d4851a1d" />
    <TestEntry testId="fb71f77b-d140-c2ed-ce91-44bcea9f3a84" executionId="268bdf39-bacd-454f-8658-65fd67c12712" testListId="8c84fa94-04c1-424b-9868-57a2d4851a1d" />
  </TestEntries>
  <Results>
    <UnitTestResult executionId="27d0cf9d-3fc3-4983-a84f-54487f30ba12" testId="4e932900-7c1e-7db1-e4d5-e7e2247250ce" testName="RectangleTest2" computerName="CHRISLAPTOP" duration="00:00:01.0480936" startTime="2012-06-18T22:32:37.0746192+01:00" endTime="2012-06-18T22:32:38.5377029+01:00" testType="13cdc9d9-ddb5-4fa4-a97d-d965ccfc6d4b" outcome="Failed" testListId="8c84fa94-04c1-424b-9868-57a2d4851a1d" relativeResultsDirectory="27d0cf9d-3fc3-4983-a84f-54487f30ba12">
      <Output>
        <ErrorInfo>
          <Message>Test method tests.CSGSceneTest.RectangleTest2 threw exception: 
System.Runtime.Serialization.SerializationException: Unable to find assembly 'c1mblfsf, Version=0.0.0.0, Culture=neutral, PublicKeyToken=null'.</Message>
          <StackTrace>    at System.Runtime.Serialization.Formatters.Binary.BinaryAssemblyInfo.GetAssembly()
   at System.Runtime.Serialization.Formatters.Binary.ObjectReader.GetType(BinaryAssemblyInfo assemblyInfo, String name)
   at System.Runtime.Serialization.Formatters.Binary.ObjectMap..ctor(String objectName, String[] memberNames, BinaryTypeEnum[] binaryTypeEnumA, Object[] typeInformationA, Int32[] memberAssemIds, ObjectReader objectReader, Int32 objectId, BinaryAssemblyInfo assemblyInfo, SizedArray assemIdToAssemblyTable)
   at System.Runtime.Serialization.Formatters.Binary.__BinaryParser.ReadObjectWithMapTyped(BinaryObjectWithMapTyped record)
   at System.Runtime.Serialization.Formatters.Binary.__BinaryParser.ReadObjectWithMapTyped(BinaryHeaderEnum binaryHeaderEnum)
   at System.Runtime.Serialization.Formatters.Binary.__BinaryParser.Run()
   at System.Runtime.Serialization.Formatters.Binary.ObjectReader.Deserialize(HeaderHandler handler, __BinaryParser serParser, Boolean fCheck, Boolean isCrossAppDomain, IMethodCallMessage methodCallMessage)
   at System.Runtime.Serialization.Formatters.Binary.BinaryFormatter.Deserialize(Stream serializationStream, HeaderHandler handler, Boolean fCheck, Boolean isCrossAppDomain, IMethodCallMessage methodCallMessage)
   at System.Runtime.Serialization.Formatters.Binary.BinaryFormatter.Deserialize(Stream serializationStream)
   at convexcad.Geometry.CSGScene.LoadTestFile(String file_name) in C:\Users\chris\mmbot\convexcad\convexcad\CSGScene.cs:line 97
   at tests.CSGSceneTest.RunDefaultSceneTest(CSGScene scene, String filename) in C:\Users\chris\mmbot\convexcad\tests\CSGSceneTest.cs:line 98
   at tests.CSGSceneTest.RunCodeSceneTest(String filename, String classname) in C:\Users\chris\mmbot\convexcad\tests\CSGSceneTest.cs:line 119
   at tests.CSGSceneTest.RectangleTest2() in C:\Users\chris\mmbot\convexcad\tests\CSGSceneTest.cs:line 130
</StackTrace>
        </ErrorInfo>
      </Output>
    </UnitTestResult>
    <UnitTestResult executionId="f8dc6a1d-a785-48f8-ae78-28208a6df389" testId="5c6dd9a9-ff18-f9c7-82e6-034450b93cdc" testName="UnionTest_RectRectTouching" computerName="CHRISLAPTOP" duration="00:00:00.5538661" startTime="2012-06-18T22:32:38.5427032+01:00" endTime="2012-06-18T22:32:39.1187361+01:00" testType="13cdc9d9-ddb5-4fa4-a97d-d965ccfc6d4b" outcome="Failed" testListId="8c84fa94-04c1-424b-9868-57a2d4851a1d" relativeResultsDirectory="f8dc6a1d-a785-48f8-ae78-28208a6df389">
      <Output>
        <ErrorInfo>
          <Message>Test method tests.CSGSceneTest.UnionTest_RectRectTouching threw exception: 
System.Runtime.Serialization.SerializationException: Unable to find assembly 'tchqm24c, Version=0.0.0.0, Culture=neutral, PublicKeyToken=null'.</Message>
          <StackTrace>    at System.Runtime.Serialization.Formatters.Binary.BinaryAssemblyInfo.GetAssembly()
   at System.Runtime.Serialization.Formatters.Binary.ObjectReader.GetType(BinaryAssemblyInfo assemblyInfo, String name)
   at System.Runtime.Serialization.Formatters.Binary.ObjectMap..ctor(String objectName, String[] memberNames, BinaryTypeEnum[] binaryTypeEnumA, Object[] typeInformationA, Int32[] memberAssemIds, ObjectReader objectReader, Int32 objectId, BinaryAssemblyInfo assemblyInfo, SizedArray assemIdToAssemblyTable)
   at System.Runtime.Serialization.Formatters.Binary.__BinaryParser.ReadObjectWithMapTyped(BinaryObjectWithMapTyped record)
   at System.Runtime.Serialization.Formatters.Binary.__BinaryParser.ReadObjectWithMapTyped(BinaryHeaderEnum binaryHeaderEnum)
   at System.Runtime.Serialization.Formatters.Binary.__BinaryParser.Run()
   at System.Runtime.Serialization.Formatters.Binary.ObjectReader.Deserialize(HeaderHandler handler, __BinaryParser serParser, Boolean fCheck, Boolean isCrossAppDomain, IMethodCallMessage methodCallMessage)
   at System.Runtime.Serialization.Formatters.Binary.BinaryFormatter.Deserialize(Stream serializationStream, HeaderHandler handler, Boolean fCheck, Boolean isCrossAppDomain, IMethodCallMessage methodCallMessage)
   at System.Runtime.Serialization.Formatters.Binary.BinaryFormatter.Deserialize(Stream serializationStream)
   at convexcad.Geometry.CSGScene.LoadTestFile(String file_name) in C:\Users\chris\mmbot\convexcad\convexcad\CSGScene.cs:line 97
   at tests.CSGSceneTest.RunDefaultSceneTest(CSGScene scene, String filename) in C:\Users\chris\mmbot\convexcad\tests\CSGSceneTest.cs:line 98
   at tests.CSGSceneTest.RunCodeSceneTest(String filename, String classname) in C:\Users\chris\mmbot\convexcad\tests\CSGSceneTest.cs:line 119
   at tests.CSGSceneTest.UnionTest_RectRectTouching() in C:\Users\chris\mmbot\convexcad\tests\CSGSceneTest.cs:line 161
</StackTrace>
        </ErrorInfo>
      </Output>
    </UnitTestResult>
    <UnitTestResult executionId="e2f787db-62de-48bf-84b8-392776d0a3a3" testId="6d38c98f-31ee-c300-807d-f3f6bcd779b4" testName="UnionTest_RectRectNotOverlapping" computerName="CHRISLAPTOP" duration="00:00:00.4544492" startTime="2012-06-18T22:32:39.1217363+01:00" endTime="2012-06-18T22:32:39.5897631+01:00" testType="13cdc9d9-ddb5-4fa4-a97d-d965ccfc6d4b" outcome="Failed" testListId="8c84fa94-04c1-424b-9868-57a2d4851a1d" relativeResultsDirectory="e2f787db-62de-48bf-84b8-392776d0a3a3">
      <Output>
        <ErrorInfo>
          <Message>Test method tests.CSGSceneTest.UnionTest_RectRectNotOverlapping threw exception: 
System.Runtime.Serialization.SerializationException: Unable to find assembly 'keybcieq, Version=0.0.0.0, Culture=neutral, PublicKeyToken=null'.</Message>
          <StackTrace>    at System.Runtime.Serialization.Formatters.Binary.BinaryAssemblyInfo.GetAssembly()
   at System.Runtime.Serialization.Formatters.Binary.ObjectReader.GetType(BinaryAssemblyInfo assemblyInfo, String name)
   at System.Runtime.Serialization.Formatters.Binary.ObjectMap..ctor(String objectName, String[] memberNames, BinaryTypeEnum[] binaryTypeEnumA, Object[] typeInformationA, Int32[] memberAssemIds, ObjectReader objectReader, Int32 objectId, BinaryAssemblyInfo assemblyInfo, SizedArray assemIdToAssemblyTable)
   at System.Runtime.Serialization.Formatters.Binary.__BinaryParser.ReadObjectWithMapTyped(BinaryObjectWithMapTyped record)
   at System.Runtime.Serialization.Formatters.Binary.__BinaryParser.ReadObjectWithMapTyped(BinaryHeaderEnum binaryHeaderEnum)
   at System.Runtime.Serialization.Formatters.Binary.__BinaryParser.Run()
   at System.Runtime.Serialization.Formatters.Binary.ObjectReader.Deserialize(HeaderHandler handler, __BinaryParser serParser, Boolean fCheck, Boolean isCrossAppDomain, IMethodCallMessage methodCallMessage)
   at System.Runtime.Serialization.Formatters.Binary.BinaryFormatter.Deserialize(Stream serializationStream, HeaderHandler handler, Boolean fCheck, Boolean isCrossAppDomain, IMethodCallMessage methodCallMessage)
   at System.Runtime.Serialization.Formatters.Binary.BinaryFormatter.Deserialize(Stream serializationStream)
   at convexcad.Geometry.CSGScene.LoadTestFile(String file_name) in C:\Users\chris\mmbot\convexcad\convexcad\CSGScene.cs:line 97
   at tests.CSGSceneTest.RunDefaultSceneTest(CSGScene scene, String filename) in C:\Users\chris\mmbot\convexcad\tests\CSGSceneTest.cs:line 98
   at tests.CSGSceneTest.RunCodeSceneTest(String filename, String classname) in C:\Users\chris\mmbot\convexcad\tests\CSGSceneTest.cs:line 119
   at tests.CSGSceneTest.UnionTest_RectRectNotOverlapping() in C:\Users\chris\mmbot\convexcad\tests\CSGSceneTest.cs:line 166
</StackTrace>
        </ErrorInfo>
      </Output>
    </UnitTestResult>
    <UnitTestResult executionId="1c0abf23-6cec-4a25-b3e4-073151c20cac" testId="8f7c7f4a-018f-2d86-deb7-eb725a8508a3" testName="RectangleTranslated3" computerName="CHRISLAPTOP" duration="00:00:00.6177476" startTime="2012-06-18T22:32:39.5927632+01:00" endTime="2012-06-18T22:32:40.2327998+01:00" testType="13cdc9d9-ddb5-4fa4-a97d-d965ccfc6d4b" outcome="Failed" testListId="8c84fa94-04c1-424b-9868-57a2d4851a1d" relativeResultsDirectory="1c0abf23-6cec-4a25-b3e4-073151c20cac">
      <Output>
        <ErrorInfo>
          <Message>Test method tests.CSGSceneTest.RectangleTranslated3 threw exception: 
System.Runtime.Serialization.SerializationException: Unable to find assembly 'rbn4piby, Version=0.0.0.0, Culture=neutral, PublicKeyToken=null'.</Message>
          <StackTrace>    at System.Runtime.Serialization.Formatters.Binary.BinaryAssemblyInfo.GetAssembly()
   at System.Runtime.Serialization.Formatters.Binary.ObjectReader.GetType(BinaryAssemblyInfo assemblyInfo, String name)
   at System.Runtime.Serialization.Formatters.Binary.ObjectMap..ctor(String objectName, String[] memberNames, BinaryTypeEnum[] binaryTypeEnumA, Object[] typeInformationA, Int32[] memberAssemIds, ObjectReader objectReader, Int32 objectId, BinaryAssemblyInfo assemblyInfo, SizedArray assemIdToAssemblyTable)
   at System.Runtime.Serialization.Formatters.Binary.__BinaryParser.ReadObjectWithMapTyped(BinaryObjectWithMapTyped record)
   at System.Runtime.Serialization.Formatters.Binary.__BinaryParser.ReadObjectWithMapTyped(BinaryHeaderEnum binaryHeaderEnum)
   at System.Runtime.Serialization.Formatters.Binary.__BinaryParser.Run()
   at System.Runtime.Serialization.Formatters.Binary.ObjectReader.Deserialize(HeaderHandler handler, __BinaryParser serParser, Boolean fCheck, Boolean isCrossAppDomain, IMethodCallMessage methodCallMessage)
   at System.Runtime.Serialization.Formatters.Binary.BinaryFormatter.Deserialize(Stream serializationStream, HeaderHandler handler, Boolean fCheck, Boolean isCrossAppDomain, IMethodCallMessage methodCallMessage)
   at System.Runtime.Serialization.Formatters.Binary.BinaryFormatter.Deserialize(Stream serializationStream)
   at convexcad.Geometry.CSGScene.LoadTestFile(String file_name) in C:\Users\chris\mmbot\convexcad\convexcad\CSGScene.cs:line 97
   at tests.CSGSceneTest.RunDefaultSceneTest(CSGScene scene, String filename) in C:\Users\chris\mmbot\convexcad\tests\CSGSceneTest.cs:line 98
   at tests.CSGSceneTest.RunCodeSceneTest(String filename, String classname) in C:\Users\chris\mmbot\convexcad\tests\CSGSceneTest.cs:line 119
   at tests.CSGSceneTest.RectangleTranslated3() in C:\Users\chris\mmbot\convexcad\tests\CSGSceneTest.cs:line 150
</StackTrace>
        </ErrorInfo>
      </Output>
    </UnitTestResult>
    <UnitTestResult executionId="1c4214fa-3fe5-4f55-9211-4898e96f683d" testId="ab49f718-abdd-4482-8af9-1999e6272b9b" testName="RectangleTest3" computerName="CHRISLAPTOP" duration="00:00:00.5696936" startTime="2012-06-18T22:32:40.2518009+01:00" endTime="2012-06-18T22:32:40.8318341+01:00" testType="13cdc9d9-ddb5-4fa4-a97d-d965ccfc6d4b" outcome="Failed" testListId="8c84fa94-04c1-424b-9868-57a2d4851a1d" relativeResultsDirectory="1c4214fa-3fe5-4f55-9211-4898e96f683d">
      <Output>
        <ErrorInfo>
          <Message>Test method tests.CSGSceneTest.RectangleTest3 threw exception: 
System.Runtime.Serialization.SerializationException: Unable to find assembly 'u5fvrzsd, Version=0.0.0.0, Culture=neutral, PublicKeyToken=null'.</Message>
          <StackTrace>    at System.Runtime.Serialization.Formatters.Binary.BinaryAssemblyInfo.GetAssembly()
   at System.Runtime.Serialization.Formatters.Binary.ObjectReader.GetType(BinaryAssemblyInfo assemblyInfo, String name)
   at System.Runtime.Serialization.Formatters.Binary.ObjectMap..ctor(String objectName, String[] memberNames, BinaryTypeEnum[] binaryTypeEnumA, Object[] typeInformationA, Int32[] memberAssemIds, ObjectReader objectReader, Int32 objectId, BinaryAssemblyInfo assemblyInfo, SizedArray assemIdToAssemblyTable)
   at System.Runtime.Serialization.Formatters.Binary.__BinaryParser.ReadObjectWithMapTyped(BinaryObjectWithMapTyped record)
   at System.Runtime.Serialization.Formatters.Binary.__BinaryParser.ReadObjectWithMapTyped(BinaryHeaderEnum binaryHeaderEnum)
   at System.Runtime.Serialization.Formatters.Binary.__BinaryParser.Run()
   at System.Runtime.Serialization.Formatters.Binary.ObjectReader.Deserialize(HeaderHandler handler, __BinaryParser serParser, Boolean fCheck, Boolean isCrossAppDomain, IMethodCallMessage methodCallMessage)
   at System.Runtime.Serialization.Formatters.Binary.BinaryFormatter.Deserialize(Stream serializationStream, HeaderHandler handler, Boolean fCheck, Boolean isCrossAppDomain, IMethodCallMessage methodCallMessage)
   at System.Runtime.Serialization.Formatters.Binary.BinaryFormatter.Deserialize(Stream serializationStream)
   at convexcad.Geometry.CSGScene.LoadTestFile(String file_name) in C:\Users\chris\mmbot\convexcad\convexcad\CSGScene.cs:line 97
   at tests.CSGSceneTest.RunDefaultSceneTest(CSGScene scene, String filename) in C:\Users\chris\mmbot\convexcad\tests\CSGSceneTest.cs:line 98
   at tests.CSGSceneTest.RunCodeSceneTest(String filename, String classname) in C:\Users\chris\mmbot\convexcad\tests\CSGSceneTest.cs:line 119
   at tests.CSGSceneTest.RectangleTest3() in C:\Users\chris\mmbot\convexcad\tests\CSGSceneTest.cs:line 135
</StackTrace>
        </ErrorInfo>
      </Output>
    </UnitTestResult>
    <UnitTestResult executionId="6656cbdd-ec4b-4fe9-ba53-3fa3641da357" testId="bc1f91b1-352d-acef-b639-68c3cdeafb4d" testName="RectangleTranslated2" computerName="CHRISLAPTOP" duration="00:00:00.4568292" startTime="2012-06-18T22:32:40.8358343+01:00" endTime="2012-06-18T22:32:41.3028610+01:00" testType="13cdc9d9-ddb5-4fa4-a97d-d965ccfc6d4b" outcome="Failed" testListId="8c84fa94-04c1-424b-9868-57a2d4851a1d" relativeResultsDirectory="6656cbdd-ec4b-4fe9-ba53-3fa3641da357">
      <Output>
        <ErrorInfo>
          <Message>Test method tests.CSGSceneTest.RectangleTranslated2 threw exception: 
System.Runtime.Serialization.SerializationException: Unable to find assembly '0qrgxey3, Version=0.0.0.0, Culture=neutral, PublicKeyToken=null'.</Message>
          <StackTrace>    at System.Runtime.Serialization.Formatters.Binary.BinaryAssemblyInfo.GetAssembly()
   at System.Runtime.Serialization.Formatters.Binary.ObjectReader.GetType(BinaryAssemblyInfo assemblyInfo, String name)
   at System.Runtime.Serialization.Formatters.Binary.ObjectMap..ctor(String objectName, String[] memberNames, BinaryTypeEnum[] binaryTypeEnumA, Object[] typeInformationA, Int32[] memberAssemIds, ObjectReader objectReader, Int32 objectId, BinaryAssemblyInfo assemblyInfo, SizedArray assemIdToAssemblyTable)
   at System.Runtime.Serialization.Formatters.Binary.__BinaryParser.ReadObjectWithMapTyped(BinaryObjectWithMapTyped record)
   at System.Runtime.Serialization.Formatters.Binary.__BinaryParser.ReadObjectWithMapTyped(BinaryHeaderEnum binaryHeaderEnum)
   at System.Runtime.Serialization.Formatters.Binary.__BinaryParser.Run()
   at System.Runtime.Serialization.Formatters.Binary.ObjectReader.Deserialize(HeaderHandler handler, __BinaryParser serParser, Boolean fCheck, Boolean isCrossAppDomain, IMethodCallMessage methodCallMessage)
   at System.Runtime.Serialization.Formatters.Binary.BinaryFormatter.Deserialize(Stream serializationStream, HeaderHandler handler, Boolean fCheck, Boolean isCrossAppDomain, IMethodCallMessage methodCallMessage)
   at System.Runtime.Serialization.Formatters.Binary.BinaryFormatter.Deserialize(Stream serializationStream)
   at convexcad.Geometry.CSGScene.LoadTestFile(String file_name) in C:\Users\chris\mmbot\convexcad\convexcad\CSGScene.cs:line 97
   at tests.CSGSceneTest.RunDefaultSceneTest(CSGScene scene, String filename) in C:\Users\chris\mmbot\convexcad\tests\CSGSceneTest.cs:line 98
   at tests.CSGSceneTest.RunCodeSceneTest(String filename, String classname) in C:\Users\chris\mmbot\convexcad\tests\CSGSceneTest.cs:line 119
   at tests.CSGSceneTest.RectangleTranslated2() in C:\Users\chris\mmbot\convexcad\tests\CSGSceneTest.cs:line 145
</StackTrace>
        </ErrorInfo>
      </Output>
    </UnitTestResult>
    <UnitTestResult executionId="ac7409f3-73a0-4546-bb0d-8bfa1cece8cf" testId="c9b82b42-3356-cf6d-93eb-b5b5d43e4723" testName="RectangleTranslated" computerName="CHRISLAPTOP" duration="00:00:00.4178826" startTime="2012-06-18T22:32:41.3068613+01:00" endTime="2012-06-18T22:32:41.7338857+01:00" testType="13cdc9d9-ddb5-4fa4-a97d-d965ccfc6d4b" outcome="Failed" testListId="8c84fa94-04c1-424b-9868-57a2d4851a1d" relativeResultsDirectory="ac7409f3-73a0-4546-bb0d-8bfa1cece8cf">
      <Output>
        <ErrorInfo>
          <Message>Test method tests.CSGSceneTest.RectangleTranslated threw exception: 
System.Runtime.Serialization.SerializationException: Unable to find assembly 'eqpz0sdi, Version=0.0.0.0, Culture=neutral, PublicKeyToken=null'.</Message>
          <StackTrace>    at System.Runtime.Serialization.Formatters.Binary.BinaryAssemblyInfo.GetAssembly()
   at System.Runtime.Serialization.Formatters.Binary.ObjectReader.GetType(BinaryAssemblyInfo assemblyInfo, String name)
   at System.Runtime.Serialization.Formatters.Binary.ObjectMap..ctor(String objectName, String[] memberNames, BinaryTypeEnum[] binaryTypeEnumA, Object[] typeInformationA, Int32[] memberAssemIds, ObjectReader objectReader, Int32 objectId, BinaryAssemblyInfo assemblyInfo, SizedArray assemIdToAssemblyTable)
   at System.Runtime.Serialization.Formatters.Binary.__BinaryParser.ReadObjectWithMapTyped(BinaryObjectWithMapTyped record)
   at System.Runtime.Serialization.Formatters.Binary.__BinaryParser.ReadObjectWithMapTyped(BinaryHeaderEnum binaryHeaderEnum)
   at System.Runtime.Serialization.Formatters.Binary.__BinaryParser.Run()
   at System.Runtime.Serialization.Formatters.Binary.ObjectReader.Deserialize(HeaderHandler handler, __BinaryParser serParser, Boolean fCheck, Boolean isCrossAppDomain, IMethodCallMessage methodCallMessage)
   at System.Runtime.Serialization.Formatters.Binary.BinaryFormatter.Deserialize(Stream serializationStream, HeaderHandler handler, Boolean fCheck, Boolean isCrossAppDomain, IMethodCallMessage methodCallMessage)
   at System.Runtime.Serialization.Formatters.Binary.BinaryFormatter.Deserialize(Stream serializationStream)
   at convexcad.Geometry.CSGScene.LoadTestFile(String file_name) in C:\Users\chris\mmbot\convexcad\convexcad\CSGScene.cs:line 97
   at tests.CSGSceneTest.RunDefaultSceneTest(CSGScene scene, String filename) in C:\Users\chris\mmbot\convexcad\tests\CSGSceneTest.cs:line 98
   at tests.CSGSceneTest.RunCodeSceneTest(String filename, String classname) in C:\Users\chris\mmbot\convexcad\tests\CSGSceneTest.cs:line 119
   at tests.CSGSceneTest.RectangleTranslated() in C:\Users\chris\mmbot\convexcad\tests\CSGSceneTest.cs:line 140
</StackTrace>
        </ErrorInfo>
      </Output>
    </UnitTestResult>
    <UnitTestResult executionId="25df3361-29fe-4cf1-9736-b8a64a9971f0" testId="d1d4aaff-d94e-d726-a75b-7373cc5953bc" testName="UnionTest_RectRectContainedA" computerName="CHRISLAPTOP" duration="00:00:00.4375379" startTime="2012-06-18T22:32:41.7378859+01:00" endTime="2012-06-18T22:32:42.1869116+01:00" testType="13cdc9d9-ddb5-4fa4-a97d-d965ccfc6d4b" outcome="Failed" testListId="8c84fa94-04c1-424b-9868-57a2d4851a1d" relativeResultsDirectory="25df3361-29fe-4cf1-9736-b8a64a9971f0">
      <Output>
        <ErrorInfo>
          <Message>Test method tests.CSGSceneTest.UnionTest_RectRectContainedA threw exception: 
System.Runtime.Serialization.SerializationException: Unable to find assembly '2nh1jfqp, Version=0.0.0.0, Culture=neutral, PublicKeyToken=null'.</Message>
          <StackTrace>    at System.Runtime.Serialization.Formatters.Binary.BinaryAssemblyInfo.GetAssembly()
   at System.Runtime.Serialization.Formatters.Binary.ObjectReader.GetType(BinaryAssemblyInfo assemblyInfo, String name)
   at System.Runtime.Serialization.Formatters.Binary.ObjectMap..ctor(String objectName, String[] memberNames, BinaryTypeEnum[] binaryTypeEnumA, Object[] typeInformationA, Int32[] memberAssemIds, ObjectReader objectReader, Int32 objectId, BinaryAssemblyInfo assemblyInfo, SizedArray assemIdToAssemblyTable)
   at System.Runtime.Serialization.Formatters.Binary.__BinaryParser.ReadObjectWithMapTyped(BinaryObjectWithMapTyped record)
   at System.Runtime.Serialization.Formatters.Binary.__BinaryParser.ReadObjectWithMapTyped(BinaryHeaderEnum binaryHeaderEnum)
   at System.Runtime.Serialization.Formatters.Binary.__BinaryParser.Run()
   at System.Runtime.Serialization.Formatters.Binary.ObjectReader.Deserialize(HeaderHandler handler, __BinaryParser serParser, Boolean fCheck, Boolean isCrossAppDomain, IMethodCallMessage methodCallMessage)
   at System.Runtime.Serialization.Formatters.Binary.BinaryFormatter.Deserialize(Stream serializationStream, HeaderHandler handler, Boolean fCheck, Boolean isCrossAppDomain, IMethodCallMessage methodCallMessage)
   at System.Runtime.Serialization.Formatters.Binary.BinaryFormatter.Deserialize(Stream serializationStream)
   at convexcad.Geometry.CSGScene.LoadTestFile(String file_name) in C:\Users\chris\mmbot\convexcad\convexcad\CSGScene.cs:line 97
   at tests.CSGSceneTest.RunDefaultSceneTest(CSGScene scene, String filename) in C:\Users\chris\mmbot\convexcad\tests\CSGSceneTest.cs:line 98
   at tests.CSGSceneTest.RunCodeSceneTest(String filename, String classname) in C:\Users\chris\mmbot\convexcad\tests\CSGSceneTest.cs:line 119
   at tests.CSGSceneTest.UnionTest_RectRectContainedA() in C:\Users\chris\mmbot\convexcad\tests\CSGSceneTest.cs:line 171
</StackTrace>
        </ErrorInfo>
      </Output>
    </UnitTestResult>
    <UnitTestResult executionId="e096d118-cd51-4eed-95c5-993d939bfd3f" testId="f2826647-274f-6e71-9f88-8c2285fe2fbb" testName="UnionTest_RectRectOverlapping" computerName="CHRISLAPTOP" duration="00:00:00.4060232" startTime="2012-06-18T22:32:42.1919119+01:00" endTime="2012-06-18T22:32:42.6069356+01:00" testType="13cdc9d9-ddb5-4fa4-a97d-d965ccfc6d4b" outcome="Failed" testListId="8c84fa94-04c1-424b-9868-57a2d4851a1d" relativeResultsDirectory="e096d118-cd51-4eed-95c5-993d939bfd3f">
      <Output>
        <ErrorInfo>
          <Message>Test method tests.CSGSceneTest.UnionTest_RectRectOverlapping threw exception: 
System.Runtime.Serialization.SerializationException: Unable to find assembly 'jmcsclwg, Version=0.0.0.0, Culture=neutral, PublicKeyToken=null'.</Message>
          <StackTrace>    at System.Runtime.Serialization.Formatters.Binary.BinaryAssemblyInfo.GetAssembly()
   at System.Runtime.Serialization.Formatters.Binary.ObjectReader.GetType(BinaryAssemblyInfo assemblyInfo, String name)
   at System.Runtime.Serialization.Formatters.Binary.ObjectMap..ctor(String objectName, String[] memberNames, BinaryTypeEnum[] binaryTypeEnumA, Object[] typeInformationA, Int32[] memberAssemIds, ObjectReader objectReader, Int32 objectId, BinaryAssemblyInfo assemblyInfo, SizedArray assemIdToAssemblyTable)
   at System.Runtime.Serialization.Formatters.Binary.__BinaryParser.ReadObjectWithMapTyped(BinaryObjectWithMapTyped record)
   at System.Runtime.Serialization.Formatters.Binary.__BinaryParser.ReadObjectWithMapTyped(BinaryHeaderEnum binaryHeaderEnum)
   at System.Runtime.Serialization.Formatters.Binary.__BinaryParser.Run()
   at System.Runtime.Serialization.Formatters.Binary.ObjectReader.Deserialize(HeaderHandler handler, __BinaryParser serParser, Boolean fCheck, Boolean isCrossAppDomain, IMethodCallMessage methodCallMessage)
   at System.Runtime.Serialization.Formatters.Binary.BinaryFormatter.Deserialize(Stream serializationStream, HeaderHandler handler, Boolean fCheck, Boolean isCrossAppDomain, IMethodCallMessage methodCallMessage)
   at System.Runtime.Serialization.Formatters.Binary.BinaryFormatter.Deserialize(Stream serializationStream)
   at convexcad.Geometry.CSGScene.LoadTestFile(String file_name) in C:\Users\chris\mmbot\convexcad\convexcad\CSGScene.cs:line 97
   at tests.CSGSceneTest.RunDefaultSceneTest(CSGScene scene, String filename) in C:\Users\chris\mmbot\convexcad\tests\CSGSceneTest.cs:line 98
   at tests.CSGSceneTest.RunCodeSceneTest(String filename, String classname) in C:\Users\chris\mmbot\convexcad\tests\CSGSceneTest.cs:line 119
   at tests.CSGSceneTest.UnionTest_RectRectOverlapping() in C:\Users\chris\mmbot\convexcad\tests\CSGSceneTest.cs:line 156
</StackTrace>
        </ErrorInfo>
      </Output>
    </UnitTestResult>
    <UnitTestResult executionId="268bdf39-bacd-454f-8658-65fd67c12712" testId="fb71f77b-d140-c2ed-ce91-44bcea9f3a84" testName="RectangleTest" computerName="CHRISLAPTOP" duration="00:00:00.3967403" startTime="2012-06-18T22:32:42.6119359+01:00" endTime="2012-06-18T22:32:43.0199593+01:00" testType="13cdc9d9-ddb5-4fa4-a97d-d965ccfc6d4b" outcome="Failed" testListId="8c84fa94-04c1-424b-9868-57a2d4851a1d" relativeResultsDirectory="268bdf39-bacd-454f-8658-65fd67c12712">
      <Output>
        <ErrorInfo>
          <Message>Test method tests.CSGSceneTest.RectangleTest threw exception: 
System.Runtime.Serialization.SerializationException: Unable to find assembly 'tjbbcivv, Version=0.0.0.0, Culture=neutral, PublicKeyToken=null'.</Message>
          <StackTrace>    at System.Runtime.Serialization.Formatters.Binary.BinaryAssemblyInfo.GetAssembly()
   at System.Runtime.Serialization.Formatters.Binary.ObjectReader.GetType(BinaryAssemblyInfo assemblyInfo, String name)
   at System.Runtime.Serialization.Formatters.Binary.ObjectMap..ctor(String objectName, String[] memberNames, BinaryTypeEnum[] binaryTypeEnumA, Object[] typeInformationA, Int32[] memberAssemIds, ObjectReader objectReader, Int32 objectId, BinaryAssemblyInfo assemblyInfo, SizedArray assemIdToAssemblyTable)
   at System.Runtime.Serialization.Formatters.Binary.__BinaryParser.ReadObjectWithMapTyped(BinaryObjectWithMapTyped record)
   at System.Runtime.Serialization.Formatters.Binary.__BinaryParser.ReadObjectWithMapTyped(BinaryHeaderEnum binaryHeaderEnum)
   at System.Runtime.Serialization.Formatters.Binary.__BinaryParser.Run()
   at System.Runtime.Serialization.Formatters.Binary.ObjectReader.Deserialize(HeaderHandler handler, __BinaryParser serParser, Boolean fCheck, Boolean isCrossAppDomain, IMethodCallMessage methodCallMessage)
   at System.Runtime.Serialization.Formatters.Binary.BinaryFormatter.Deserialize(Stream serializationStream, HeaderHandler handler, Boolean fCheck, Boolean isCrossAppDomain, IMethodCallMessage methodCallMessage)
   at System.Runtime.Serialization.Formatters.Binary.BinaryFormatter.Deserialize(Stream serializationStream)
   at convexcad.Geometry.CSGScene.LoadTestFile(String file_name) in C:\Users\chris\mmbot\convexcad\convexcad\CSGScene.cs:line 97
   at tests.CSGSceneTest.RunDefaultSceneTest(CSGScene scene, String filename) in C:\Users\chris\mmbot\convexcad\tests\CSGSceneTest.cs:line 98
   at tests.CSGSceneTest.RunCodeSceneTest(String filename, String classname) in C:\Users\chris\mmbot\convexcad\tests\CSGSceneTest.cs:line 119
   at tests.CSGSceneTest.RectangleTest() in C:\Users\chris\mmbot\convexcad\tests\CSGSceneTest.cs:line 125
</StackTrace>
        </ErrorInfo>
      </Output>
    </UnitTestResult>
  </Results>
</TestRun>