<?xml version="1.0" encoding="UTF-8"?>
<TestRun id="1e0d9766-dee4-473c-b755-326417256b75" name="chris@CHRISLAPTOP 2012-06-18 22:33:27" runUser="chrislaptop\chris" xmlns="http://microsoft.com/schemas/VisualStudio/TeamTest/2010">
  <TestSettings name="Local" id="87b3b41a-f5ee-4a39-9ba7-a2667af6a788">
    <Description>These are default test settings for a local test run.</Description>
    <Deployment runDeploymentRoot="chris_CHRISLAPTOP 2012-06-18 22_33_27">
      <DeploymentItem filename="C:\Users\chris\mmbot\3dtools\3DTools-1.01-bin\3DTools.dll" />
      <DeploymentItem filename="C:\Users\chris\mmbot\convexcad\convexcad\bin\Debug\convexcad.exe" />
    </Deployment>
    <Execution>
      <TestTypeSpecific>
        <UnitTestRunConfig testTypeId="13cdc9d9-ddb5-4fa4-a97d-d965ccfc6d4b">
          <AssemblyResolution>
            <TestDirectory useLoadContext="true" />
          </AssemblyResolution>
        </UnitTestRunConfig>
      </TestTypeSpecific>
      <AgentRule name="Execution Agents">
      </AgentRule>
    </Execution>
  </TestSettings>
  <Times creation="2012-06-18T22:33:27.2834910+01:00" queuing="2012-06-18T22:33:31.8957548+01:00" start="2012-06-18T22:33:32.0247622+01:00" finish="2012-06-18T22:35:42.9032480+01:00" />
  <ResultSummary outcome="Error">
    <Counters total="10" executed="2" error="0" failed="1" timeout="0" aborted="1" inconclusive="0" passedButRunAborted="0" notRunnable="0" notExecuted="8" disconnected="0" warning="0" passed="0" completed="0" inProgress="0" pending="0" />
    <RunInfos>
      <RunInfo computerName="CHRISLAPTOP" outcome="Error" timestamp="2012-06-18T22:35:42.8992478+01:00">
        <Text>Test host process exited unexpectedly.</Text>
      </RunInfo>
    </RunInfos>
  </ResultSummary>
  <TestDefinitions>
    <UnitTest name="RectangleTranslated2" storage="c:\users\chris\mmbot\convexcad\tests\bin\debug\tests.dll" id="bc1f91b1-352d-acef-b639-68c3cdeafb4d">
      <Execution id="5bff0b02-3e85-402c-9b46-4fed479a00b9" />
      <TestMethod codeBase="C:/Users/chris/mmbot/convexcad/tests/bin/Debug/tests.DLL" adapterTypeName="Microsoft.VisualStudio.TestTools.TestTypes.Unit.UnitTestAdapter, Microsoft.VisualStudio.QualityTools.Tips.UnitTest.Adapter, Version=10.0.0.0, Culture=neutral, PublicKeyToken=b03f5f7f11d50a3a" className="tests.CSGSceneTest, tests, Version=1.0.0.0, Culture=neutral, PublicKeyToken=null" name="RectangleTranslated2" />
    </UnitTest>
    <UnitTest name="UnionTest_RectRectContainedA" storage="c:\users\chris\mmbot\convexcad\tests\bin\debug\tests.dll" id="d1d4aaff-d94e-d726-a75b-7373cc5953bc">
      <Execution id="7325be86-9b41-4863-b491-3e4bc0d6e958" />
      <TestMethod codeBase="C:/Users/chris/mmbot/convexcad/tests/bin/Debug/tests.DLL" adapterTypeName="Microsoft.VisualStudio.TestTools.TestTypes.Unit.UnitTestAdapter, Microsoft.VisualStudio.QualityTools.Tips.UnitTest.Adapter, Version=10.0.0.0, Culture=neutral, PublicKeyToken=b03f5f7f11d50a3a" className="tests.CSGSceneTest, tests, Version=1.0.0.0, Culture=neutral, PublicKeyToken=null" name="UnionTest_RectRectContainedA" />
    </UnitTest>
    <UnitTest name="RectangleTranslated" storage="c:\users\chris\mmbot\convexcad\tests\bin\debug\tests.dll" id="c9b82b42-3356-cf6d-93eb-b5b5d43e4723">
      <Execution id="167e508f-f8d7-4632-8a88-21bbd848af5f" />
      <TestMethod codeBase="C:/Users/chris/mmbot/convexcad/tests/bin/Debug/tests.DLL" adapterTypeName="Microsoft.VisualStudio.TestTools.TestTypes.Unit.UnitTestAdapter, Microsoft.VisualStudio.QualityTools.Tips.UnitTest.Adapter, Version=10.0.0.0, Culture=neutral, PublicKeyToken=b03f5f7f11d50a3a" className="tests.CSGSceneTest, tests, Version=1.0.0.0, Culture=neutral, PublicKeyToken=null" name="RectangleTranslated" />
    </UnitTest>
    <UnitTest name="RectangleTest2" storage="c:\users\chris\mmbot\convexcad\tests\bin\debug\tests.dll" id="4e932900-7c1e-7db1-e4d5-e7e2247250ce">
      <Execution id="dd09cabb-b092-4791-a8f7-000c2aa9a886" />
      <TestMethod codeBase="C:/Users/chris/mmbot/convexcad/tests/bin/Debug/tests.DLL" adapterTypeName="Microsoft.VisualStudio.TestTools.TestTypes.Unit.UnitTestAdapter, Microsoft.VisualStudio.QualityTools.Tips.UnitTest.Adapter, Version=10.0.0.0, Culture=neutral, PublicKeyToken=b03f5f7f11d50a3a" className="tests.CSGSceneTest, tests, Version=1.0.0.0, Culture=neutral, PublicKeyToken=null" name="RectangleTest2" />
    </UnitTest>
    <UnitTest name="RectangleTranslated3" storage="c:\users\chris\mmbot\convexcad\tests\bin\debug\tests.dll" id="8f7c7f4a-018f-2d86-deb7-eb725a8508a3">
      <Execution id="634ac071-1777-4ec0-9586-d2e66a189931" />
      <TestMethod codeBase="C:/Users/chris/mmbot/convexcad/tests/bin/Debug/tests.DLL" adapterTypeName="Microsoft.VisualStudio.TestTools.TestTypes.Unit.UnitTestAdapter, Microsoft.VisualStudio.QualityTools.Tips.UnitTest.Adapter, Version=10.0.0.0, Culture=neutral, PublicKeyToken=b03f5f7f11d50a3a" className="tests.CSGSceneTest, tests, Version=1.0.0.0, Culture=neutral, PublicKeyToken=null" name="RectangleTranslated3" />
    </UnitTest>
    <UnitTest name="RectangleTest" storage="c:\users\chris\mmbot\convexcad\tests\bin\debug\tests.dll" id="fb71f77b-d140-c2ed-ce91-44bcea9f3a84">
      <Execution id="b53eb177-053f-4024-8435-963794954a90" />
      <TestMethod codeBase="C:/Users/chris/mmbot/convexcad/tests/bin/Debug/tests.DLL" adapterTypeName="Microsoft.VisualStudio.TestTools.TestTypes.Unit.UnitTestAdapter, Microsoft.VisualStudio.QualityTools.Tips.UnitTest.Adapter, Version=10.0.0.0, Culture=neutral, PublicKeyToken=b03f5f7f11d50a3a" className="tests.CSGSceneTest, tests, Version=1.0.0.0, Culture=neutral, PublicKeyToken=null" name="RectangleTest" />
    </UnitTest>
    <UnitTest name="UnionTest_RectRectNotOverlapping" storage="c:\users\chris\mmbot\convexcad\tests\bin\debug\tests.dll" id="6d38c98f-31ee-c300-807d-f3f6bcd779b4">
      <Execution id="e1e259cb-8bc7-492f-a19e-4206f410cfde" />
      <TestMethod codeBase="C:/Users/chris/mmbot/convexcad/tests/bin/Debug/tests.DLL" adapterTypeName="Microsoft.VisualStudio.TestTools.TestTypes.Unit.UnitTestAdapter, Microsoft.VisualStudio.QualityTools.Tips.UnitTest.Adapter, Version=10.0.0.0, Culture=neutral, PublicKeyToken=b03f5f7f11d50a3a" className="tests.CSGSceneTest, tests, Version=1.0.0.0, Culture=neutral, PublicKeyToken=null" name="UnionTest_RectRectNotOverlapping" />
    </UnitTest>
    <UnitTest name="RectangleTest3" storage="c:\users\chris\mmbot\convexcad\tests\bin\debug\tests.dll" id="ab49f718-abdd-4482-8af9-1999e6272b9b">
      <Execution id="9d34d596-2c17-4738-9dc4-7305c07adb35" />
      <TestMethod codeBase="C:/Users/chris/mmbot/convexcad/tests/bin/Debug/tests.DLL" adapterTypeName="Microsoft.VisualStudio.TestTools.TestTypes.Unit.UnitTestAdapter, Microsoft.VisualStudio.QualityTools.Tips.UnitTest.Adapter, Version=10.0.0.0, Culture=neutral, PublicKeyToken=b03f5f7f11d50a3a" className="tests.CSGSceneTest, tests, Version=1.0.0.0, Culture=neutral, PublicKeyToken=null" name="RectangleTest3" />
    </UnitTest>
    <UnitTest name="UnionTest_RectRectTouching" storage="c:\users\chris\mmbot\convexcad\tests\bin\debug\tests.dll" id="5c6dd9a9-ff18-f9c7-82e6-034450b93cdc">
      <Execution id="3c99d63d-d661-467c-ac40-72d01ed61085" />
      <TestMethod codeBase="C:/Users/chris/mmbot/convexcad/tests/bin/Debug/tests.DLL" adapterTypeName="Microsoft.VisualStudio.TestTools.TestTypes.Unit.UnitTestAdapter, Microsoft.VisualStudio.QualityTools.Tips.UnitTest.Adapter, Version=10.0.0.0, Culture=neutral, PublicKeyToken=b03f5f7f11d50a3a" className="tests.CSGSceneTest, tests, Version=1.0.0.0, Culture=neutral, PublicKeyToken=null" name="UnionTest_RectRectTouching" />
    </UnitTest>
    <UnitTest name="UnionTest_RectRectOverlapping" storage="c:\users\chris\mmbot\convexcad\tests\bin\debug\tests.dll" id="f2826647-274f-6e71-9f88-8c2285fe2fbb">
      <Execution id="4044eb8d-f5ff-4fd2-962d-9599e8319b1b" />
      <TestMethod codeBase="C:/Users/chris/mmbot/convexcad/tests/bin/Debug/tests.DLL" adapterTypeName="Microsoft.VisualStudio.TestTools.TestTypes.Unit.UnitTestAdapter, Microsoft.VisualStudio.QualityTools.Tips.UnitTest.Adapter, Version=10.0.0.0, Culture=neutral, PublicKeyToken=b03f5f7f11d50a3a" className="tests.CSGSceneTest, tests, Version=1.0.0.0, Culture=neutral, PublicKeyToken=null" name="UnionTest_RectRectOverlapping" />
    </UnitTest>
  </TestDefinitions>
  <TestLists>
    <TestList name="Results Not in a List" id="8c84fa94-04c1-424b-9868-57a2d4851a1d" />
    <TestList name="All Loaded Results" id="19431567-8539-422a-85d7-44ee4e166bda" />
  </TestLists>
  <TestEntries>
    <TestEntry testId="fb71f77b-d140-c2ed-ce91-44bcea9f3a84" executionId="b53eb177-053f-4024-8435-963794954a90" testListId="8c84fa94-04c1-424b-9868-57a2d4851a1d" />
    <TestEntry testId="4e932900-7c1e-7db1-e4d5-e7e2247250ce" executionId="dd09cabb-b092-4791-a8f7-000c2aa9a886" testListId="8c84fa94-04c1-424b-9868-57a2d4851a1d" />
    <TestEntry testId="ab49f718-abdd-4482-8af9-1999e6272b9b" executionId="9d34d596-2c17-4738-9dc4-7305c07adb35" testListId="8c84fa94-04c1-424b-9868-57a2d4851a1d" />
    <TestEntry testId="c9b82b42-3356-cf6d-93eb-b5b5d43e4723" executionId="167e508f-f8d7-4632-8a88-21bbd848af5f" testListId="8c84fa94-04c1-424b-9868-57a2d4851a1d" />
    <TestEntry testId="bc1f91b1-352d-acef-b639-68c3cdeafb4d" executionId="5bff0b02-3e85-402c-9b46-4fed479a00b9" testListId="8c84fa94-04c1-424b-9868-57a2d4851a1d" />
    <TestEntry testId="8f7c7f4a-018f-2d86-deb7-eb725a8508a3" executionId="634ac071-1777-4ec0-9586-d2e66a189931" testListId="8c84fa94-04c1-424b-9868-57a2d4851a1d" />
    <TestEntry testId="f2826647-274f-6e71-9f88-8c2285fe2fbb" executionId="4044eb8d-f5ff-4fd2-962d-9599e8319b1b" testListId="8c84fa94-04c1-424b-9868-57a2d4851a1d" />
    <TestEntry testId="5c6dd9a9-ff18-f9c7-82e6-034450b93cdc" executionId="3c99d63d-d661-467c-ac40-72d01ed61085" testListId="8c84fa94-04c1-424b-9868-57a2d4851a1d" />
    <TestEntry testId="6d38c98f-31ee-c300-807d-f3f6bcd779b4" executionId="e1e259cb-8bc7-492f-a19e-4206f410cfde" testListId="8c84fa94-04c1-424b-9868-57a2d4851a1d" />
    <TestEntry testId="d1d4aaff-d94e-d726-a75b-7373cc5953bc" executionId="7325be86-9b41-4863-b491-3e4bc0d6e958" testListId="8c84fa94-04c1-424b-9868-57a2d4851a1d" />
  </TestEntries>
  <Results>
    <UnitTestResult executionId="b53eb177-053f-4024-8435-963794954a90" testId="fb71f77b-d140-c2ed-ce91-44bcea9f3a84" testName="RectangleTest" computerName="CHRISLAPTOP" duration="00:01:00.8500263" startTime="2012-06-18T22:33:32.2067726+01:00" endTime="2012-06-18T22:34:36.0874263+01:00" testType="13cdc9d9-ddb5-4fa4-a97d-d965ccfc6d4b" outcome="Failed" testListId="8c84fa94-04c1-424b-9868-57a2d4851a1d" relativeResultsDirectory="b53eb177-053f-4024-8435-963794954a90">
      <Output>
        <ErrorInfo>
          <Message>Test method tests.CSGSceneTest.RectangleTest threw exception: 
System.Runtime.Serialization.SerializationException: Unable to find assembly 'tjbbcivv, Version=0.0.0.0, Culture=neutral, PublicKeyToken=null'.</Message>
          <StackTrace>    at System.Runtime.Serialization.Formatters.Binary.BinaryAssemblyInfo.GetAssembly()
   at System.Runtime.Serialization.Formatters.Binary.ObjectReader.GetType(BinaryAssemblyInfo assemblyInfo, String name)
   at System.Runtime.Serialization.Formatters.Binary.ObjectMap..ctor(String objectName, String[] memberNames, BinaryTypeEnum[] binaryTypeEnumA, Object[] typeInformationA, Int32[] memberAssemIds, ObjectReader objectReader, Int32 objectId, BinaryAssemblyInfo assemblyInfo, SizedArray assemIdToAssemblyTable)
   at System.Runtime.Serialization.Formatters.Binary.__BinaryParser.ReadObjectWithMapTyped(BinaryObjectWithMapTyped record)
   at System.Runtime.Serialization.Formatters.Binary.__BinaryParser.ReadObjectWithMapTyped(BinaryHeaderEnum binaryHeaderEnum)
   at System.Runtime.Serialization.Formatters.Binary.__BinaryParser.Run()
   at System.Runtime.Serialization.Formatters.Binary.ObjectReader.Deserialize(HeaderHandler handler, __BinaryParser serParser, Boolean fCheck, Boolean isCrossAppDomain, IMethodCallMessage methodCallMessage)
   at System.Runtime.Serialization.Formatters.Binary.BinaryFormatter.Deserialize(Stream serializationStream, HeaderHandler handler, Boolean fCheck, Boolean isCrossAppDomain, IMethodCallMessage methodCallMessage)
   at System.Runtime.Serialization.Formatters.Binary.BinaryFormatter.Deserialize(Stream serializationStream)
   at convexcad.Geometry.CSGScene.LoadTestFile(String file_name) in C:\Users\chris\mmbot\convexcad\convexcad\CSGScene.cs:line 97
   at tests.CSGSceneTest.RunDefaultSceneTest(CSGScene scene, String filename) in C:\Users\chris\mmbot\convexcad\tests\CSGSceneTest.cs:line 98
   at tests.CSGSceneTest.RunCodeSceneTest(String filename, String classname) in C:\Users\chris\mmbot\convexcad\tests\CSGSceneTest.cs:line 119
   at tests.CSGSceneTest.RectangleTest() in C:\Users\chris\mmbot\convexcad\tests\CSGSceneTest.cs:line 125
</StackTrace>
        </ErrorInfo>
      </Output>
    </UnitTestResult>
    <UnitTestResult executionId="dd09cabb-b092-4791-a8f7-000c2aa9a886" testId="4e932900-7c1e-7db1-e4d5-e7e2247250ce" testName="RectangleTest2" computerName="CHRISLAPTOP" duration="00:01:06.7968206" startTime="2012-06-18T22:34:36.1044273+01:00" endTime="2012-06-18T22:35:42.9012479+01:00" testType="13cdc9d9-ddb5-4fa4-a97d-d965ccfc6d4b" outcome="Aborted" testListId="8c84fa94-04c1-424b-9868-57a2d4851a1d" relativeResultsDirectory="dd09cabb-b092-4791-a8f7-000c2aa9a886">
    </UnitTestResult>
    <UnitTestResult executionId="9d34d596-2c17-4738-9dc4-7305c07adb35" testId="ab49f718-abdd-4482-8af9-1999e6272b9b" testName="RectangleTest3" computerName="CHRISLAPTOP" testType="13cdc9d9-ddb5-4fa4-a97d-d965ccfc6d4b" outcome="NotExecuted" testListId="8c84fa94-04c1-424b-9868-57a2d4851a1d" relativeResultsDirectory="9d34d596-2c17-4738-9dc4-7305c07adb35">
    </UnitTestResult>
    <UnitTestResult executionId="167e508f-f8d7-4632-8a88-21bbd848af5f" testId="c9b82b42-3356-cf6d-93eb-b5b5d43e4723" testName="RectangleTranslated" computerName="CHRISLAPTOP" testType="13cdc9d9-ddb5-4fa4-a97d-d965ccfc6d4b" outcome="NotExecuted" testListId="8c84fa94-04c1-424b-9868-57a2d4851a1d" relativeResultsDirectory="167e508f-f8d7-4632-8a88-21bbd848af5f">
    </UnitTestResult>
    <UnitTestResult executionId="5bff0b02-3e85-402c-9b46-4fed479a00b9" testId="bc1f91b1-352d-acef-b639-68c3cdeafb4d" testName="RectangleTranslated2" computerName="CHRISLAPTOP" testType="13cdc9d9-ddb5-4fa4-a97d-d965ccfc6d4b" outcome="NotExecuted" testListId="8c84fa94-04c1-424b-9868-57a2d4851a1d" relativeResultsDirectory="5bff0b02-3e85-402c-9b46-4fed479a00b9">
    </UnitTestResult>
    <UnitTestResult executionId="634ac071-1777-4ec0-9586-d2e66a189931" testId="8f7c7f4a-018f-2d86-deb7-eb725a8508a3" testName="RectangleTranslated3" computerName="CHRISLAPTOP" testType="13cdc9d9-ddb5-4fa4-a97d-d965ccfc6d4b" outcome="NotExecuted" testListId="8c84fa94-04c1-424b-9868-57a2d4851a1d" relativeResultsDirectory="634ac071-1777-4ec0-9586-d2e66a189931">
    </UnitTestResult>
    <UnitTestResult executionId="4044eb8d-f5ff-4fd2-962d-9599e8319b1b" testId="f2826647-274f-6e71-9f88-8c2285fe2fbb" testName="UnionTest_RectRectOverlapping" computerName="CHRISLAPTOP" testType="13cdc9d9-ddb5-4fa4-a97d-d965ccfc6d4b" outcome="NotExecuted" testListId="8c84fa94-04c1-424b-9868-57a2d4851a1d" relativeResultsDirectory="4044eb8d-f5ff-4fd2-962d-9599e8319b1b">
    </UnitTestResult>
    <UnitTestResult executionId="3c99d63d-d661-467c-ac40-72d01ed61085" testId="5c6dd9a9-ff18-f9c7-82e6-034450b93cdc" testName="UnionTest_RectRectTouching" computerName="CHRISLAPTOP" testType="13cdc9d9-ddb5-4fa4-a97d-d965ccfc6d4b" outcome="NotExecuted" testListId="8c84fa94-04c1-424b-9868-57a2d4851a1d" relativeResultsDirectory="3c99d63d-d661-467c-ac40-72d01ed61085">
    </UnitTestResult>
    <UnitTestResult executionId="e1e259cb-8bc7-492f-a19e-4206f410cfde" testId="6d38c98f-31ee-c300-807d-f3f6bcd779b4" testName="UnionTest_RectRectNotOverlapping" computerName="CHRISLAPTOP" testType="13cdc9d9-ddb5-4fa4-a97d-d965ccfc6d4b" outcome="NotExecuted" testListId="8c84fa94-04c1-424b-9868-57a2d4851a1d" relativeResultsDirectory="e1e259cb-8bc7-492f-a19e-4206f410cfde">
    </UnitTestResult>
    <UnitTestResult executionId="7325be86-9b41-4863-b491-3e4bc0d6e958" testId="d1d4aaff-d94e-d726-a75b-7373cc5953bc" testName="UnionTest_RectRectContainedA" computerName="CHRISLAPTOP" testType="13cdc9d9-ddb5-4fa4-a97d-d965ccfc6d4b" outcome="NotExecuted" testListId="8c84fa94-04c1-424b-9868-57a2d4851a1d" relativeResultsDirectory="7325be86-9b41-4863-b491-3e4bc0d6e958">
    </UnitTestResult>
  </Results>
</TestRun>